c:\users\geralt\source\repos\trafficchecker\trafficchecker\x64\debug\vc142.pdb
c:\users\geralt\source\repos\trafficchecker\trafficchecker\x64\debug\vc142.idb
c:\users\geralt\source\repos\trafficchecker\trafficchecker\x64\debug\trafficchecker.obj
c:\users\geralt\source\repos\trafficchecker\trafficchecker\x64\debug\seqment.obj
c:\users\geralt\source\repos\trafficchecker\trafficchecker\x64\debug\reader.obj
c:\users\geralt\source\repos\trafficchecker\trafficchecker\x64\debug\point.obj
c:\users\geralt\source\repos\trafficchecker\trafficchecker\x64\debug\execute.obj
c:\users\geralt\source\repos\trafficchecker\trafficchecker\x64\debug\checker.obj
c:\users\geralt\source\repos\trafficchecker\trafficchecker\x64\debug\arctg.obj
c:\users\geralt\source\repos\trafficchecker\trafficchecker\x64\debug\agentsorting.obj
c:\users\geralt\source\repos\trafficchecker\trafficchecker\x64\debug\agent.obj
c:\users\geralt\source\repos\trafficchecker\trafficchecker\x64\debug\trafficchecker.ilk
c:\users\geralt\source\repos\trafficchecker\x64\debug\trafficchecker.exe
c:\users\geralt\source\repos\trafficchecker\x64\debug\trafficchecker.pdb
c:\users\geralt\source\repos\trafficchecker\trafficchecker\x64\debug\trafficchecker.tlog\cl.command.1.tlog
c:\users\geralt\source\repos\trafficchecker\trafficchecker\x64\debug\trafficchecker.tlog\cl.read.1.tlog
c:\users\geralt\source\repos\trafficchecker\trafficchecker\x64\debug\trafficchecker.tlog\cl.write.1.tlog
c:\users\geralt\source\repos\trafficchecker\trafficchecker\x64\debug\trafficchecker.tlog\link.command.1.tlog
c:\users\geralt\source\repos\trafficchecker\trafficchecker\x64\debug\trafficchecker.tlog\link.read.1.tlog
c:\users\geralt\source\repos\trafficchecker\trafficchecker\x64\debug\trafficchecker.tlog\link.write.1.tlog
